  Table.cpp
C:\Users\VINH\source\repos\University\University\Table.cpp(101,53): warning C4267: '=': conversion from 'size_t' to 'unsigned int', possible loss of data
C:\Users\VINH\source\repos\University\University\Table.cpp(116,94): warning C4267: '=': conversion from 'size_t' to 'unsigned int', possible loss of data
C:\Users\VINH\source\repos\University\University\Table.cpp(127,50): warning C4267: 'initializing': conversion from 'size_t' to 'int', possible loss of data
C:\Users\VINH\source\repos\University\University\Table.cpp(157,50): warning C4267: 'initializing': conversion from 'size_t' to 'int', possible loss of data
C:\Users\VINH\source\repos\University\University\Table.cpp(210,58): warning C4267: '=': conversion from 'size_t' to 'int', possible loss of data
  Interface.cpp
C:\Users\VINH\source\repos\University\University\Interface.cpp(106,84): warning C4267: 'argument': conversion from 'size_t' to 'int', possible loss of data
C:\Users\VINH\source\repos\University\University\Interface.cpp(108,148): warning C4267: 'argument': conversion from 'size_t' to 'int', possible loss of data
C:\Users\VINH\source\repos\University\University\Interface.cpp(234,49): warning C4267: 'initializing': conversion from 'size_t' to 'int', possible loss of data
C:\Users\VINH\source\repos\University\University\Interface.cpp(363,240): warning C4267: 'argument': conversion from 'size_t' to 'int', possible loss of data
C:\Users\VINH\source\repos\University\University\Interface.cpp(377,128): warning C4267: 'argument': conversion from 'size_t' to 'int', possible loss of data
C:\Users\VINH\source\repos\University\University\Interface.cpp(550,88): warning C4267: 'argument': conversion from 'size_t' to 'int', possible loss of data
  Course.cpp
C:\Users\VINH\source\repos\University\University\Course.cpp(50,52): warning C4267: 'initializing': conversion from 'size_t' to 'int', possible loss of data
  Person.cpp
  Main.cpp
  Point.cpp
C:\Users\VINH\source\repos\University\University\Point.cpp(40,48): warning C4267: 'argument': conversion from 'size_t' to 'int', possible loss of data
C:\Users\VINH\source\repos\University\University\Point.cpp(44,50): warning C4267: 'argument': conversion from 'size_t' to 'int', possible loss of data
C:\Users\VINH\source\repos\University\University\Point.cpp(50,50): warning C4267: 'argument': conversion from 'size_t' to 'int', possible loss of data
C:\Users\VINH\source\repos\University\University\Point.cpp(52,50): warning C4267: 'argument': conversion from 'size_t' to 'int', possible loss of data
  Generating code
  Previous IPDB not found, fall back to full compilation.
  All 2431 functions were compiled because no usable IPDB/IOBJ from previous compilation was found.
  Finished generating code
  University.vcxproj -> C:\Users\VINH\source\repos\University\x64\Release\University.exe
